Rufus x86 v3.21.1949 (Portable)
Windows version: Windows 11 Pro, 64-bit (Build 22000.1574)
Syslinux versions: 4.07/2013-07-25, 6.04/pre1
Grub versions: 0.4.6a, 2.06
System locale ID: 0x080A (es-MX)
Will use default UI locale 0x080A
SetLGP: Successfully set NoDriveTypeAutorun policy to 0x0000009E
Localization set to 'es-ES'
Found USB 2.0 device 'Generic Flash Disk USB Device' (058F:6387)
Using 'autorun.inf' label for drive F: 'MiniOS7b7'
1 device found
Disk type: Removable, Disk size: 16 GB, Sector size: 512 bytes
Cylinders: 1988, Tracks per cylinder: 255, Sectors per track: 63
Partition type: GPT, NB Partitions: 1
Disk GUID: {A4CB25F5-3A6C-4BF9-9102-7CD771DD6BDB}
Max parts: 128, Start Offset: 17408, Usable = 16357751296 bytes
Partition 1:
  Type: Microsoft Basic Data Partition
  Name: 'Main Data Partition'
  Detected File System: FAT32
  ID: {00FD077C-9B7E-4515-95AC-A30AE2CA92E4}
  Size: 15.2 GB (16356720128 bytes)
  Start Sector: 2048, Attributes: 0x0000000000000000
Scanning image...
ISO analysis:
  Image is a UDF image
Disk image analysis:
  Image does not have a Boot Marker
ISO label: 'MiniOS7b7'
  Detected: Windows 7 ISO (Build 7601.26174)
  Size: 3.9 GB (Projected)
  Uses: EFI (win7_x64)
  Uses: Bootmgr (BIOS and UEFI)
  Uses: Install.wim (version 0.13.1)
Using image: MiniOS7 Pro v2023.01 x64.iso (3.9 GB)

Format operation started
Requesting disk access...
Will use 'F:' as volume mountpoint
Opened \\.\PhysicalDrive3 for exclusive write access
Analyzing existing boot records...
Drive has a Zeroed Master Boot Record
Clearing MBR/PBR/GPT structures...
Erasing 128 sectors
Initializing disk...
Partitioning (MBR)...
● Creating Main Data Partition (offset: 1048576, size: 15.2 GB)
Waiting for logical drive to reappear...
Formatting to NTFS (using IFS)
Using cluster size: 4096 bytes
Quick format was selected
Creating file system...
Format completed.
Opened \\.\PhysicalDrive3 for exclusive write access
Writing Master Boot Record...
Set bootable USB partition as 0x80
Using Rufus MBR
Found volume \\?\Volume{00fd077c-9b7e-4515-95ac-a30ae2ca92e4}\
Disabling file indexing...
Notice: Volume Device Path is \Device\HarddiskVolume9
Waiting for access on \\?\Volume{00fd077c-9b7e-4515-95ac-a30ae2ca92e4}...
Opened \\?\Volume{00fd077c-9b7e-4515-95ac-a30ae2ca92e4} for exclusive write access
Writing Partition Boot Record...
Using Standard NTFS partition boot record
Confirmed new volume has an NTFS boot sector
Successfully remounted \\?\Volume{00fd077c-9b7e-4515-95ac-a30ae2ca92e4}\ as F:
Extracting files...
Image is a UDF image
Extracting: F:\boot\bcd (256 KB)
Extracting: F:\boot\boot.sdi (3 MB)
Extracting: F:\boot\bootfix.bin (1 KB)
Extracting: F:\boot\bootsect.exe (110 KB)
Extracting: F:\boot\es-es\bootsect.exe.mui (15.5 KB)
Extracting: F:\boot\etfsboot.com (4 KB)
Extracting: F:\boot\fonts\chs_boot.ttf (3.5 MB)
Extracting: F:\boot\fonts\cht_boot.ttf (3.7 MB)
Extracting: F:\boot\fonts\jpn_boot.ttf (1.9 MB)
Extracting: F:\boot\fonts\kor_boot.ttf (2.3 MB)
Extracting: F:\boot\fonts\wgl4_boot.ttf (46.3 KB)
Extracting: F:\boot\memtest.efi (596.9 KB)
Extracting: F:\boot\memtest.exe (474.4 KB)
Extracting: F:\bootmgr (374.8 KB)
Extracting: F:\bootmgr.efi (653.9 KB)
Extracting: F:\efi\microsoft\boot\bcd (256 KB)
Extracting: F:\efi\microsoft\boot\cdboot.efi (430.5 KB)
Extracting: F:\efi\microsoft\boot\cdboot_noprompt.efi (430.5 KB)
Extracting: F:\efi\microsoft\boot\efisys.bin (1.4 MB)
Extracting: F:\efi\microsoft\boot\efisys_noprompt.bin (1.4 MB)
Extracting: F:\efi\microsoft\boot\fonts\chs_boot.ttf (3.5 MB)
Extracting: F:\efi\microsoft\boot\fonts\cht_boot.ttf (3.7 MB)
Extracting: F:\efi\microsoft\boot\fonts\jpn_boot.ttf (1.9 MB)
Extracting: F:\efi\microsoft\boot\fonts\kor_boot.ttf (2.3 MB)
Extracting: F:\efi\microsoft\boot\fonts\wgl4_boot.ttf (46.3 KB)
Extracting: F:\sources\boot.wim (167.1 MB)
Extracting: F:\sources\install.wim (3.7 GB)
Extracting: F:\sources\setup.exe (260 KB)
Extracting: F:\zRufus-3.20.exe (1.3 MB)
Finalizing, please wait...
Created: F:autorun.inf
Created: F:autorun.ico
NTFS Fixup (Checkdisk)...
Volume label is MiniOS7b7.

Stage 1: Examining basic file system structure ...
  256 file records processed.
File verification completed.
 Phase duration (File record verification): 11.00 milliseconds.
  0 large file records processed.
 Phase duration (Orphan file record recovery): 0.52 milliseconds.
  0 bad file records processed.
 Phase duration (Bad file record checking): 0.52 milliseconds.

Stage 2: Examining file name linkage ...
  294 index entries processed.
Index verification completed.
 Phase duration (Index verification): 14.06 milliseconds.
 Phase duration (Orphan reconnection): 0.28 milliseconds.
 Phase duration (Orphan recovery to lost and found): 0.16 milliseconds.
  0 reparse records processed.
  0 reparse records processed.
 Phase duration (Reparse point and Object ID verification): 1.10 milliseconds.

Stage 3: Examining security descriptors ...
Security descriptor verification completed.
 Phase duration (Security descriptor verification): 11.62 milliseconds.
  19 data files processed.
 Phase duration (Data attribute verification): 0.52 milliseconds.

Windows has scanned the file system and found no problems.
No further action is required.

  15973375 KB total disk space.
   4082372 KB in 37 files.
        80 KB in 21 indexes.
     24711 KB in use by the system.
     23552 KB occupied by the log file.
  11866212 KB available on disk.
      4096 bytes in each allocation unit.
   3993343 total allocation units on disk.
   2966553 allocation units available on disk.
Total duration: 41.11 milliseconds (41 ms).
NTFS Fixup completed.

Found USB 2.0 device 'Generic Flash Disk USB Device' (058F:6387)
Using 'autorun.inf' label for drive F: 'MiniOS7b7'
1 device found
Disk type: Removable, Disk size: 16 GB, Sector size: 512 bytes
Cylinders: 1988, Tracks per cylinder: 255, Sectors per track: 63
Partition type: MBR, NB Partitions: 1
Disk ID: 0x0CAEF4B4
Drive has a Rufus Master Boot Record
Partition 1:
  Type: NTFS (0x07)
  Detected File System: NTFS
  Size: 15.2 GB (16356737024 bytes)
  Start Sector: 2048, Boot: Yes
